  BaseObject.cpp
D:\Visual Studio\TowerDefense\TowerDefense\BaseObject.h(19,14): warning C4244: 'return': conversion from 'double' to 'int', possible loss of data
D:\Visual Studio\TowerDefense\TowerDefense\BaseObject.h(22,14): warning C4244: 'return': conversion from 'double' to 'int', possible loss of data
  CommonFunction.cpp
D:\Visual Studio\TowerDefense\TowerDefense\BaseObject.h(19,14): warning C4244: 'return': conversion from 'double' to 'int', possible loss of data
D:\Visual Studio\TowerDefense\TowerDefense\BaseObject.h(22,14): warning C4244: 'return': conversion from 'double' to 'int', possible loss of data
D:\Visual Studio\TowerDefense\TowerDefense\CommonFunction.cpp(30,22): warning C4018: '<': signed/unsigned mismatch
  Machine.cpp
D:\Visual Studio\TowerDefense\TowerDefense\BaseObject.h(19,14): warning C4244: 'return': conversion from 'double' to 'int', possible loss of data
D:\Visual Studio\TowerDefense\TowerDefense\BaseObject.h(22,14): warning C4244: 'return': conversion from 'double' to 'int', possible loss of data
D:\Visual Studio\TowerDefense\TowerDefense\Machine.cpp(17,19): warning C4244: '=': conversion from 'double' to 'int', possible loss of data
D:\Visual Studio\TowerDefense\TowerDefense\Machine.cpp(18,19): warning C4244: '=': conversion from 'double' to 'int', possible loss of data
D:\Visual Studio\TowerDefense\TowerDefense\Machine.cpp(41,20): warning C4018: '<': signed/unsigned mismatch
D:\Visual Studio\TowerDefense\TowerDefense\Machine.cpp(78,20): warning C4018: '<': signed/unsigned mismatch
D:\Visual Studio\TowerDefense\TowerDefense\Machine.cpp(83,20): warning C4018: '<': signed/unsigned mismatch
D:\Visual Studio\TowerDefense\TowerDefense\Machine.cpp(88,20): warning C4018: '<': signed/unsigned mismatch
D:\Visual Studio\TowerDefense\TowerDefense\Machine.cpp(100,20): warning C4018: '<': signed/unsigned mismatch
D:\Visual Studio\TowerDefense\TowerDefense\Machine.cpp(102,21): warning C4018: '<': signed/unsigned mismatch
  Monster.cpp
D:\Visual Studio\TowerDefense\TowerDefense\BaseObject.h(19,14): warning C4244: 'return': conversion from 'double' to 'int', possible loss of data
D:\Visual Studio\TowerDefense\TowerDefense\BaseObject.h(22,14): warning C4244: 'return': conversion from 'double' to 'int', possible loss of data
D:\Visual Studio\TowerDefense\TowerDefense\Monster.cpp(18,13): warning C4018: '<': signed/unsigned mismatch
D:\Visual Studio\TowerDefense\TowerDefense\Monster.cpp(73,20): warning C4018: '<': signed/unsigned mismatch
D:\Visual Studio\TowerDefense\TowerDefense\Monster.cpp(81,20): warning C4018: '<': signed/unsigned mismatch
D:\Visual Studio\TowerDefense\TowerDefense\Monster.cpp(87,20): warning C4018: '<': signed/unsigned mismatch
  User.cpp
D:\Visual Studio\TowerDefense\TowerDefense\BaseObject.h(19,14): warning C4244: 'return': conversion from 'double' to 'int', possible loss of data
D:\Visual Studio\TowerDefense\TowerDefense\BaseObject.h(22,14): warning C4244: 'return': conversion from 'double' to 'int', possible loss of data
D:\Visual Studio\TowerDefense\TowerDefense\User.cpp(73,21): warning C4018: '<': signed/unsigned mismatch
D:\Visual Studio\TowerDefense\TowerDefense\User.cpp(83,20): warning C4018: '<': signed/unsigned mismatch
  main.cpp
D:\Visual Studio\TowerDefense\TowerDefense\BaseObject.h(19,14): warning C4244: 'return': conversion from 'double' to 'int', possible loss of data
D:\Visual Studio\TowerDefense\TowerDefense\BaseObject.h(22,14): warning C4244: 'return': conversion from 'double' to 'int', possible loss of data
  Generating Code...
  TowerDefense.vcxproj -> D:\Visual Studio\TowerDefense\Debug\TowerDefense.exe
  TowerDefense.vcxproj -> D:\Visual Studio\TowerDefense\Debug\TowerDefense.pdb (Partial -> Full PDB)
