d:\visual studio\towerdefense\towerdefense\debug\vc142.pdb
d:\visual studio\towerdefense\towerdefense\debug\vc142.idb
d:\visual studio\towerdefense\towerdefense\debug\user.obj
d:\visual studio\towerdefense\towerdefense\debug\screen.obj
d:\visual studio\towerdefense\towerdefense\debug\music.obj
d:\visual studio\towerdefense\towerdefense\debug\monster.obj
d:\visual studio\towerdefense\towerdefense\debug\menu.obj
d:\visual studio\towerdefense\towerdefense\debug\main.obj
d:\visual studio\towerdefense\towerdefense\debug\machine.obj
d:\visual studio\towerdefense\towerdefense\debug\item.obj
d:\visual studio\towerdefense\towerdefense\debug\commonfunction.obj
d:\visual studio\towerdefense\towerdefense\debug\baseobject.obj
d:\visual studio\towerdefense\debug\towerdefense.exe
d:\visual studio\towerdefense\debug\towerdefense.ilk
d:\visual studio\towerdefense\debug\towerdefense.pdb
d:\visual studio\towerdefense\towerdefense\debug\towerdefense.tlog\cl.command.1.tlog
d:\visual studio\towerdefense\towerdefense\debug\towerdefense.tlog\cl.read.1.tlog
d:\visual studio\towerdefense\towerdefense\debug\towerdefense.tlog\cl.write.1.tlog
d:\visual studio\towerdefense\towerdefense\debug\towerdefense.tlog\link.command.1.tlog
d:\visual studio\towerdefense\towerdefense\debug\towerdefense.tlog\link.read.1.tlog
d:\visual studio\towerdefense\towerdefense\debug\towerdefense.tlog\link.write.1.tlog
